<?xml version="1.0" encoding="UTF-8"?>
<!-- Generated by org.testng.reporters.JUnitReportReporter -->
<testsuite hostname="Tejakumar" failures="0" tests="1" name="ActualTC.CreateOrganizationTest" time="8.641" errors="0" timestamp="2024-04-30T16:00:12 IST" skipped="0">
  <testcase classname="ActualTC.CreateOrganizationTest" name="createorg" time="8.641"/>
  <system-out/>
</testsuite> <!-- ActualTC.CreateOrganizationTest -->
